<?xml version="1.0"?>
<!DOCTYPE coverage SYSTEM "http://cobertura.sourceforge.net/xml/coverage-04.dtd">

<coverage line-rate="0.8888888888888888" branch-rate="1.0" lines-covered="32" lines-valid="36" branches-covered="6" branches-valid="6" complexity="1.3333333333333333" version="2.0.3" timestamp="1412942052582">
    <sources>
        <source>src</source>
    </sources>
    <packages>
        <package name="MyProject" line-rate="0.8888888888888888" branch-rate="1.0" complexity="1.3333333333333333">
            <classes>
                <class name="MyProject.GameRules" filename="MyProject/GameRules.java" line-rate="1.0" branch-rate="1.0" complexity="1.4">
                    <methods>
                        <method name="&lt;init&gt;" signature="(II)V" line-rate="1.0" branch-rate="1.0">
                            <lines>
                                <line number="23" hits="1" branch="false"/>
                                <line number="24" hits="1" branch="false"/>
                                <line number="25" hits="1" branch="false"/>
                                <line number="26" hits="1" branch="false"/>
                                <line number="27" hits="1" branch="false"/>
                                <line number="28" hits="1" branch="false"/>
                                <line number="29" hits="1" branch="false"/>
                                <line number="30" hits="1" branch="false"/>
                            </lines>
                        </method>
                        <method name="fillPlayerList" signature="(I)V" line-rate="1.0" branch-rate="1.0">
                            <lines>
                                <line number="50" hits="4" branch="true" condition-coverage="100% (2/2)">
                                    <conditions>
                                        <condition number="0" type="jump" coverage="100%"/>
                                    </conditions>
                                </line>
                                <line number="51" hits="3" branch="false"/>
                                <line number="52" hits="3" branch="false"/>
                                <line number="54" hits="1" branch="false"/>
                            </lines>
                        </method>
                        <method name="getCurrentNumber" signature="()I" line-rate="1.0" branch-rate="1.0">
                            <lines>
                                <line number="36" hits="180" branch="false"/>
                            </lines>
                        </method>
                        <method name="increaseCurrentNumber" signature="()V" line-rate="1.0" branch-rate="1.0">
                            <lines>
                                <line number="43" hits="100" branch="false"/>
                                <line number="44" hits="100" branch="false"/>
                            </lines>
                        </method>
                        <method name="startGame" signature="()V" line-rate="1.0" branch-rate="1.0">
                            <lines>
                                <line number="61" hits="101" branch="true" condition-coverage="100% (2/2)">
                                    <conditions>
                                        <condition number="0" type="jump" coverage="100%"/>
                                    </conditions>
                                </line>
                                <line number="62" hits="100" branch="false"/>
                                <line number="64" hits="1" branch="false"/>
                            </lines>
                        </method>
                    </methods>
                    <lines>
                        <line number="23" hits="1" branch="false"/>
                        <line number="24" hits="1" branch="false"/>
                        <line number="25" hits="1" branch="false"/>
                        <line number="26" hits="1" branch="false"/>
                        <line number="27" hits="1" branch="false"/>
                        <line number="28" hits="1" branch="false"/>
                        <line number="29" hits="1" branch="false"/>
                        <line number="30" hits="1" branch="false"/>
                        <line number="36" hits="180" branch="false"/>
                        <line number="43" hits="100" branch="false"/>
                        <line number="44" hits="100" branch="false"/>
                        <line number="50" hits="4" branch="true" condition-coverage="100% (2/2)">
                            <conditions>
                                <condition number="0" type="jump" coverage="100%"/>
                            </conditions>
                        </line>
                        <line number="51" hits="3" branch="false"/>
                        <line number="52" hits="3" branch="false"/>
                        <line number="54" hits="1" branch="false"/>
                        <line number="61" hits="101" branch="true" condition-coverage="100% (2/2)">
                            <conditions>
                                <condition number="0" type="jump" coverage="100%"/>
                            </conditions>
                        </line>
                        <line number="62" hits="100" branch="false"/>
                        <line number="64" hits="1" branch="false"/>
                    </lines>
                </class>
                <class name="MyProject.Player" filename="MyProject/Player.java" line-rate="1.0" branch-rate="1.0" complexity="1.5">
                    <methods>
                        <method name="&lt;init&gt;" signature="(LMyProject/GameRules;II)V" line-rate="1.0" branch-rate="1.0">
                            <lines>
                                <line number="20" hits="3" branch="false"/>
                                <line number="21" hits="3" branch="false"/>
                                <line number="22" hits="3" branch="false"/>
                                <line number="23" hits="3" branch="false"/>
                                <line number="24" hits="3" branch="false"/>
                            </lines>
                        </method>
                        <method name="play" signature="()Ljava/lang/String;" line-rate="1.0" branch-rate="1.0">
                            <lines>
                                <line number="32" hits="100" branch="true" condition-coverage="100% (2/2)">
                                    <conditions>
                                        <condition number="0" type="jump" coverage="100%"/>
                                    </conditions>
                                </line>
                                <line number="33" hits="20" branch="false"/>
                                <line number="36" hits="80" branch="false"/>
                                <line number="38" hits="100" branch="false"/>
                                <line number="39" hits="100" branch="false"/>
                            </lines>
                        </method>
                    </methods>
                    <lines>
                        <line number="20" hits="3" branch="false"/>
                        <line number="21" hits="3" branch="false"/>
                        <line number="22" hits="3" branch="false"/>
                        <line number="23" hits="3" branch="false"/>
                        <line number="24" hits="3" branch="false"/>
                        <line number="32" hits="100" branch="true" condition-coverage="100% (2/2)">
                            <conditions>
                                <condition number="0" type="jump" coverage="100%"/>
                            </conditions>
                        </line>
                        <line number="33" hits="20" branch="false"/>
                        <line number="36" hits="80" branch="false"/>
                        <line number="38" hits="100" branch="false"/>
                        <line number="39" hits="100" branch="false"/>
                    </lines>
                </class>
                <class name="MyProject.StartGame" filename="MyProject/StartGame.java" line-rate="1.0" branch-rate="1.0" complexity="1.0">
                    <methods>
                        <method name="&lt;init&gt;" signature="()V" line-rate="1.0" branch-rate="1.0">
                            <lines>
                                <line number="6" hits="1" branch="false"/>
                            </lines>
                        </method>
                        <method name="start" signature="()V" line-rate="1.0" branch-rate="1.0">
                            <lines>
                                <line number="8" hits="1" branch="false"/>
                                <line number="9" hits="1" branch="false"/>
                                <line number="10" hits="1" branch="false"/>
                            </lines>
                        </method>
                    </methods>
                    <lines>
                        <line number="6" hits="1" branch="false"/>
                        <line number="8" hits="1" branch="false"/>
                        <line number="9" hits="1" branch="false"/>
                        <line number="10" hits="1" branch="false"/>
                    </lines>
                </class>
                <class name="MyProject.main" filename="MyProject/main.java" line-rate="0.0" branch-rate="1.0" complexity="1.0">
                    <methods>
                        <method name="&lt;init&gt;" signature="()V" line-rate="0.0" branch-rate="1.0">
                            <lines>
                                <line number="7" hits="0" branch="false"/>
                            </lines>
                        </method>
                        <method name="main" signature="([Ljava/lang/String;)V" line-rate="0.0" branch-rate="1.0">
                            <lines>
                                <line number="14" hits="0" branch="false"/>
                                <line number="15" hits="0" branch="false"/>
                                <line number="16" hits="0" branch="false"/>
                            </lines>
                        </method>
                    </methods>
                    <lines>
                        <line number="7" hits="0" branch="false"/>
                        <line number="14" hits="0" branch="false"/>
                        <line number="15" hits="0" branch="false"/>
                        <line number="16" hits="0" branch="false"/>
                    </lines>
                </class>
            </classes>
        </package>
    </packages>
</coverage>